<?xml version="1.0" encoding="UTF-8"?>
<!-- Generated by org.testng.reporters.JUnitXMLReporter -->
<testsuite ignored="0" hostname="ANIL" failures="1" tests="2" name="Test2" time="2.985" errors="0" timestamp="2023-07-17T12:16:37 IST">
  <testcase classname="paralalltesting.parallal" name="facebook" time="2.969"/>
  <testcase classname="paralalltesting.parallal" name="youtube" time="0.0">
    <failure type="org.testng.TestNGException" message="
Parameter &amp;apos;url2&amp;apos; is required by @Test on method youtube but has not been marked @Optional or defined
in C:\Users\DELL\eclipse-workspace\TestNG_project_Main\testngParalallTesting.xml">
      <![CDATA[org.testng.TestNGException: 
Parameter 'url2' is required by @Test on method youtube but has not been marked @Optional or defined
in C:\Users\DELL\eclipse-workspace\TestNG_project_Main\testngParalallTesting.xml
at java.base/java.util.ArrayList.forEach(ArrayList.java:1511)
... Removed 26 stack frames]]>
    </failure>
  </testcase> <!-- youtube -->
</testsuite> <!-- Test2 -->
